<?xml version="1.0" encoding="UTF-8" standalone="yes" ?>
<test-results name="G:\Meu Drive\Udemy\Aplicando clean architecture com Delphi\Projeto\Application\Test\Win32\Debug\Test.exe" total="4" errors="0" failures="0" ignored="0" inconclusive="0" not-run="0" skipped="0" invalid="0" date="2024-07-20" time="1.992">
  <culture-info current-culture="en" current-uiculture="en" />
  <test-suite type="Assembly" name="Test.exe" executed="true" result="Success" success="True" time="1.992" asserts="0">
    <results>
        <test-suite type="Namespace" name="UseCases" executed="true" result="Success" success="True" time="1.992" asserts="0" >
          <results>
              <test-suite type="Fixture" name="TTestCustomersUseCase" executed="True" result="Success" success="True" time="1.992" >
                <results>
                  <test-case name="CreateCustomers" executed="True" result="Success" success="True" time="0.000" asserts="0" />
                  <test-case name="ValidationName" executed="True" result="Success" success="True" time="1.052" asserts="0" />
                  <test-case name="ValidationDocument" executed="True" result="Success" success="True" time="0.424" asserts="0" />
                  <test-case name="ValidationPhone" executed="True" result="Success" success="True" time="0.513" asserts="0" />
                </results>
              </test-suite>
          </results>
        </test-suite>
    </results>
  </test-suite>
</test-results>
